11/07/2022 13:10:56 - DEBUG: Run Macro: valorisation_button.test Finish
11/07/2022 13:15:25 - Error:Error in Run Macro: .build_title---Cannot run the macro ''c:\Users\ylila\Desktop\PriceSomeShit\VBA\Pricer.xlsx'!.build_title'. The macro may not be available in this workbook or all macros may be disabled.
11/07/2022 13:34:06 - Error:Error in Run Macro: .find_value---Cannot run the macro ''c:\Users\ylila\Desktop\PriceSomeShit\VBA\Pricer.xlsx'!.find_value'. The macro may not be available in this workbook or all macros may be disabled.
11/07/2022 13:34:07 - Error:Error in Run Macro: .build_title---Cannot run the macro ''c:\Users\ylila\Desktop\PriceSomeShit\VBA\Pricer.xlsx'!.build_title'. The macro may not be available in this workbook or all macros may be disabled.
11/07/2022 13:38:52 - Error:Error in Run Macro: valorisation_button.test---Unknown runtime error
11/07/2022 13:41:34 - Error:Error in Run Macro: valorisation_button.test---Unknown runtime error
11/07/2022 13:42:13 - Error:Error in Run Macro: valorisation_button.test---Unknown runtime error
11/07/2022 13:42:15 - Error:Error in Run Macro: valorisation_button.test---Unknown runtime error
11/07/2022 13:45:35 - Error:Error in Run Macro: .build_title---Cannot run the macro ''c:\Users\ylila\Desktop\PriceSomeShit\VBA\Pricer.xlsx'!.build_title'. The macro may not be available in this workbook or all macros may be disabled.
11/07/2022 13:45:36 - Error:Error in Run Macro: .find_value---Cannot run the macro ''c:\Users\ylila\Desktop\PriceSomeShit\VBA\Pricer.xlsx'!.find_value'. The macro may not be available in this workbook or all macros may be disabled.
11/07/2022 13:46:52 - Error:Error in Run Macro: .build_title---Cannot run the macro ''c:\Users\ylila\Desktop\PriceSomeShit\VBA\Pricer.xlsx'!.build_title'. The macro may not be available in this workbook or all macros may be disabled.
11/07/2022 13:46:57 - Error:Error in Run Macro: .find_value---Cannot run the macro ''c:\Users\ylila\Desktop\PriceSomeShit\VBA\Pricer.xlsx'!.find_value'. The macro may not be available in this workbook or all macros may be disabled.
11/07/2022 13:47:49 - Error:Error in Run Macro: valorisation_button.test---Unknown runtime error
11/07/2022 13:47:51 - Error:Error in Run Macro: valorisation_button.test---Unknown runtime error
11/07/2022 13:48:46 - Error:Error in Run Macro: valorisation_button.test---Unknown runtime error
11/07/2022 13:49:32 - Error:Error in Run Macro: valorisation_button.test---Cannot run the macro ''c:\Users\ylila\Desktop\PriceSomeShit\VBA\Pricer.xlsx'!valorisation_button.test'. The macro may not be available in this workbook or all macros may be disabled.
11/07/2022 14:26:24 - Error:Error in Run Macro: valorisation_button.test---Unknown runtime error
11/07/2022 14:26:26 - Error:Error in Run Macro: valorisation_button.test---Unknown runtime error
11/07/2022 14:34:03 - Error:Error in Run Macro: valorisation_button.test---Unknown runtime error
11/07/2022 14:34:05 - Error:Error in Run Macro: valorisation_button.test---Unknown runtime error
